<?xml version="1.0" encoding="UTF-8"?>
<!-- Generated by org.testng.reporters.JUnitReportReporter -->
<testsuite hostname="LAPTOP-HEFG5CIU" failures="0" tests="2" name="prachijoshi.RestAPITest" time="0.016" errors="0" timestamp="2022-05-03T16:28:50 IST" skipped="0">
  <testcase classname="prachijoshi.RestAPITest" name="methodC" time="0.014"/>
  <system-out/>
  <testcase classname="prachijoshi.RestAPITest" name="methodD" time="0.002"/>
  <system-out/>
</testsuite> <!-- prachijoshi.RestAPITest -->
