<?xml version="1.0" encoding="UTF-8"?>
<!-- Generated by org.testng.reporters.JUnitReportReporter -->
<testsuite hostname="LAPTOP-HEFG5CIU" failures="0" tests="2" name="prachijoshi.AppiumTest" time="0.003" errors="0" timestamp="2022-05-03T16:28:50 IST" skipped="0">
  <testcase classname="prachijoshi.AppiumTest" name="methodA" time="0.002"/>
  <system-out/>
  <testcase classname="prachijoshi.AppiumTest" name="methodB" time="0.001"/>
  <system-out/>
</testsuite> <!-- prachijoshi.AppiumTest -->
