<?xml version="1.0" encoding="UTF-8"?>
<!-- Generated by org.testng.reporters.JUnitReportReporter -->
<testsuite skipped="0" hostname="LAPTOP-HEFG5CIU" name="prachijoshi.RestAPITest" tests="2" failures="0" timestamp="2022-04-28T23:13:28 IST" time="0.014" errors="0">
  <testcase name="methodD" time="0.002" classname="prachijoshi.RestAPITest"/>
  <system-out/>
  <testcase name="methodC" time="0.012" classname="prachijoshi.RestAPITest"/>
  <system-out/>
</testsuite> <!-- prachijoshi.RestAPITest -->
