<?xml version="1.0" encoding="UTF-8"?>
<!-- Generated by org.testng.reporters.JUnitReportReporter -->
<testsuite skipped="0" hostname="LAPTOP-HEFG5CIU" name="prachijoshi.AppiumTest" tests="2" failures="0" timestamp="2022-04-28T23:12:56 IST" time="0.001" errors="0">
  <testcase name="methodB" time="0.001" classname="prachijoshi.AppiumTest"/>
  <system-out/>
  <testcase name="methodA" time="0.000" classname="prachijoshi.AppiumTest"/>
  <system-out/>
</testsuite> <!-- prachijoshi.AppiumTest -->
