<?xml version="1.0" encoding="UTF-8"?>
<!-- Generated by org.testng.reporters.JUnitReportReporter -->
<testsuite skipped="0" hostname="LAPTOP-HEFG5CIU" name="prachijoshi.SeleniumTest" tests="1" failures="0" timestamp="2022-04-28T23:13:28 IST" time="0.001" errors="0">
  <testcase name="methodF" time="0.001" classname="prachijoshi.SeleniumTest"/>
  <system-out/>
</testsuite> <!-- prachijoshi.SeleniumTest -->
